<?xml version="1.0" encoding="UTF-8" standalone="yes"?><!DOCTYPE report PUBLIC "-//JACOCO//DTD Report 1.1//EN" "report.dtd"><report name="Streaming XLSX Writer"><sessioninfo id="fv-az1768-772-6c046732" start="1744822947818" dump="1744822951642"/><sessioninfo id="fv-az1768-772-8878a3cc" start="1744822947780" dump="1744822951673"/><sessioninfo id="fv-az1768-772-3d384846" start="1744822947756" dump="1744822951793"/><sessioninfo id="fv-az1768-772-2aea78c3" start="1744822947833" dump="1744822951818"/><package name="uk/co/spudsoft/xlsx"><class name="uk/co/spudsoft/xlsx/TableDefinition" sourcefilename="TableDefinition.java"><method name="&lt;init&gt;" desc="(Ljava/lang/String;Ljava/lang/String;Ljava/lang/String;ZZLuk/co/spudsoft/xlsx/FontDefinition;Luk/co/spudsoft/xlsx/FontDefinition;Luk/co/spudsoft/xlsx/ColourDefinition;Luk/co/spudsoft/xlsx/ColourDefinition;Luk/co/spudsoft/xlsx/ColourDefinition;Ljava/util/List;)V" line="124"><counter type="INSTRUCTION" missed="0" covered="40"/><counter type="BRANCH" missed="0" covered="2"/><counter type="LINE" missed="0" covered="13"/><counter type="COMPLEXITY" missed="0" covered="2"/><counter type="METHOD" missed="0" covered="1"/></method><counter type="INSTRUCTION" missed="0" covered="40"/><counter type="BRANCH" missed="0" covered="2"/><counter type="LINE" missed="0" covered="13"/><counter type="COMPLEXITY" missed="0" covered="2"/><counter type="METHOD" missed="0" covered="1"/><counter type="CLASS" missed="0" covered="1"/></class><class name="uk/co/spudsoft/xlsx/XlsxWriter" sourcefilename="XlsxWriter.java"><method name="coalesce" desc="(Ljava/lang/String;Ljava/lang/String;)Ljava/lang/String;" line="97"><counter type="INSTRUCTION" missed="0" covered="9"/><counter type="BRANCH" missed="0" covered="4"/><counter type="LINE" missed="0" covered="3"/><counter type="COMPLEXITY" missed="0" covered="3"/><counter type="METHOD" missed="0" covered="1"/></method><method name="&lt;init&gt;" desc="(Luk/co/spudsoft/xlsx/TableDefinition;)V" line="80"><counter type="INSTRUCTION" missed="0" covered="75"/><counter type="LINE" missed="0" covered="17"/><counter type="COMPLEXITY" missed="0" covered="1"/><counter type="METHOD" missed="0" covered="1"/></method><method name="startFile" desc="(Ljava/io/OutputStream;)V" line="130"><counter type="INSTRUCTION" missed="0" covered="252"/><counter type="BRANCH" missed="0" covered="4"/><counter type="LINE" missed="0" covered="57"/><counter type="COMPLEXITY" missed="0" covered="3"/><counter type="METHOD" missed="0" covered="1"/></method><method name="anyColumnSpecifiesWidth" desc="()Z" line="206"><counter type="INSTRUCTION" missed="0" covered="20"/><counter type="BRANCH" missed="0" covered="4"/><counter type="LINE" missed="0" covered="5"/><counter type="COMPLEXITY" missed="0" covered="3"/><counter type="METHOD" missed="0" covered="1"/></method><method name="outputColumns" desc="()V" line="215"><counter type="INSTRUCTION" missed="0" covered="71"/><counter type="BRANCH" missed="0" covered="4"/><counter type="LINE" missed="0" covered="15"/><counter type="COMPLEXITY" missed="0" covered="3"/><counter type="METHOD" missed="0" covered="1"/></method><method name="outputHeaders" desc="()V" line="234"><counter type="INSTRUCTION" missed="0" covered="86"/><counter type="BRANCH" missed="0" covered="2"/><counter type="LINE" missed="0" covered="13"/><counter type="COMPLEXITY" missed="0" covered="2"/><counter type="METHOD" missed="0" covered="1"/></method><method name="toName" desc="(I)Ljava/lang/String;" line="251"><counter type="INSTRUCTION" missed="0" covered="25"/><counter type="BRANCH" missed="0" covered="2"/><counter type="LINE" missed="0" covered="5"/><counter type="COMPLEXITY" missed="0" covered="2"/><counter type="METHOD" missed="0" covered="1"/></method><method name="prepareDateFormat" desc="()Ljava/text/DecimalFormat;" line="260"><counter type="INSTRUCTION" missed="0" covered="10"/><counter type="LINE" missed="0" covered="3"/><counter type="COMPLEXITY" missed="0" covered="1"/><counter type="METHOD" missed="0" covered="1"/></method><method name="temporalToExcelValue" desc="(Ljava/time/temporal/Temporal;)Ljava/lang/String;" line="266"><counter type="INSTRUCTION" missed="0" covered="49"/><counter type="BRANCH" missed="1" covered="7"/><counter type="LINE" missed="0" covered="11"/><counter type="COMPLEXITY" missed="1" covered="4"/><counter type="METHOD" missed="0" covered="1"/></method><method name="outputRow" desc="(Ljava/util/List;)V" line="306"><counter type="INSTRUCTION" missed="0" covered="174"/><counter type="BRANCH" missed="0" covered="18"/><counter type="LINE" missed="0" covered="27"/><counter type="COMPLEXITY" missed="0" covered="10"/><counter type="METHOD" missed="0" covered="1"/></method><method name="close" desc="()V" line="343"><counter type="INSTRUCTION" missed="0" covered="18"/><counter type="LINE" missed="0" covered="5"/><counter type="COMPLEXITY" missed="0" covered="1"/><counter type="METHOD" missed="0" covered="1"/></method><method name="buildTheme" desc="(Luk/co/spudsoft/xlsx/TableDefinition;)Ljava/lang/String;" line="351"><counter type="INSTRUCTION" missed="0" covered="209"/><counter type="LINE" missed="0" covered="102"/><counter type="COMPLEXITY" missed="0" covered="1"/><counter type="METHOD" missed="0" covered="1"/></method><method name="appendFont" desc="(Ljava/lang/StringBuilder;Luk/co/spudsoft/xlsx/FontDefinition;Luk/co/spudsoft/xlsx/ColourDefinition;)V" line="463"><counter type="INSTRUCTION" missed="0" covered="52"/><counter type="BRANCH" missed="0" covered="10"/><counter type="LINE" missed="0" covered="9"/><counter type="COMPLEXITY" missed="0" covered="6"/><counter type="METHOD" missed="0" covered="1"/></method><method name="appendFill" desc="(Ljava/lang/StringBuilder;Luk/co/spudsoft/xlsx/ColourDefinition;)V" line="475"><counter type="INSTRUCTION" missed="0" covered="20"/><counter type="BRANCH" missed="0" covered="4"/><counter type="LINE" missed="0" covered="4"/><counter type="COMPLEXITY" missed="0" covered="3"/><counter type="METHOD" missed="0" covered="1"/></method><method name="encodeSpecialCharacters" desc="(Ljava/lang/String;)Ljava/lang/String;" line="483"><counter type="INSTRUCTION" missed="0" covered="8"/><counter type="LINE" missed="0" covered="1"/><counter type="COMPLEXITY" missed="0" covered="1"/><counter type="METHOD" missed="0" covered="1"/></method><method name="buildStyles" desc="(Luk/co/spudsoft/xlsx/TableDefinition;)Ljava/lang/String;" line="487"><counter type="INSTRUCTION" missed="0" covered="321"/><counter type="BRANCH" missed="0" covered="18"/><counter type="LINE" missed="0" covered="53"/><counter type="COMPLEXITY" missed="0" covered="10"/><counter type="METHOD" missed="0" covered="1"/></method><method name="buildNumFmts" desc="(Ljava/util/Map;Ljava/lang/StringBuilder;Luk/co/spudsoft/xlsx/TableDefinition;)V" line="563"><counter type="INSTRUCTION" missed="0" covered="78"/><counter type="BRANCH" missed="0" covered="10"/><counter type="LINE" missed="0" covered="15"/><counter type="COMPLEXITY" missed="0" covered="6"/><counter type="METHOD" missed="0" covered="1"/></method><method name="&lt;clinit&gt;" desc="()V" line="58"><counter type="INSTRUCTION" missed="0" covered="12"/><counter type="LINE" missed="0" covered="3"/><counter type="COMPLEXITY" missed="0" covered="1"/><counter type="METHOD" missed="0" covered="1"/></method><counter type="INSTRUCTION" missed="0" covered="1489"/><counter type="BRANCH" missed="1" covered="87"/><counter type="LINE" missed="0" covered="348"/><counter type="COMPLEXITY" missed="1" covered="61"/><counter type="METHOD" missed="0" covered="18"/><counter type="CLASS" missed="0" covered="1"/></class><class name="uk/co/spudsoft/xlsx/ColumnDefinition" sourcefilename="ColumnDefinition.java"><method name="&lt;init&gt;" desc="(Ljava/lang/String;Ljava/lang/String;Ljava/lang/Double;)V" line="56"><counter type="INSTRUCTION" missed="0" covered="34"/><counter type="BRANCH" missed="0" covered="8"/><counter type="LINE" missed="0" covered="9"/><counter type="COMPLEXITY" missed="0" covered="5"/><counter type="METHOD" missed="0" covered="1"/></method><counter type="INSTRUCTION" missed="0" covered="34"/><counter type="BRANCH" missed="0" covered="8"/><counter type="LINE" missed="0" covered="9"/><counter type="COMPLEXITY" missed="0" covered="5"/><counter type="METHOD" missed="0" covered="1"/><counter type="CLASS" missed="0" covered="1"/></class><class name="uk/co/spudsoft/xlsx/ColourDefinition" sourcefilename="ColourDefinition.java"><method name="&lt;init&gt;" desc="(Ljava/lang/String;Ljava/lang/String;)V" line="51"><counter type="INSTRUCTION" missed="0" covered="11"/><counter type="LINE" missed="0" covered="4"/><counter type="COMPLEXITY" missed="0" covered="1"/><counter type="METHOD" missed="0" covered="1"/></method><method name="checkColour" desc="(Ljava/lang/String;)Ljava/lang/String;" line="57"><counter type="INSTRUCTION" missed="0" covered="23"/><counter type="BRANCH" missed="0" covered="6"/><counter type="LINE" missed="0" covered="7"/><counter type="COMPLEXITY" missed="0" covered="4"/><counter type="METHOD" missed="0" covered="1"/></method><method name="&lt;clinit&gt;" desc="()V" line="34"><counter type="INSTRUCTION" missed="0" covered="4"/><counter type="LINE" missed="0" covered="1"/><counter type="COMPLEXITY" missed="0" covered="1"/><counter type="METHOD" missed="0" covered="1"/></method><counter type="INSTRUCTION" missed="0" covered="38"/><counter type="BRANCH" missed="0" covered="6"/><counter type="LINE" missed="0" covered="12"/><counter type="COMPLEXITY" missed="0" covered="6"/><counter type="METHOD" missed="0" covered="3"/><counter type="CLASS" missed="0" covered="1"/></class><class name="uk/co/spudsoft/xlsx/FontDefinition" sourcefilename="FontDefinition.java"><method name="&lt;init&gt;" desc="(Ljava/lang/String;I)V" line="45"><counter type="INSTRUCTION" missed="0" covered="27"/><counter type="BRANCH" missed="0" covered="6"/><counter type="LINE" missed="0" covered="8"/><counter type="COMPLEXITY" missed="0" covered="4"/><counter type="METHOD" missed="0" covered="1"/></method><counter type="INSTRUCTION" missed="0" covered="27"/><counter type="BRANCH" missed="0" covered="6"/><counter type="LINE" missed="0" covered="8"/><counter type="COMPLEXITY" missed="0" covered="4"/><counter type="METHOD" missed="0" covered="1"/><counter type="CLASS" missed="0" covered="1"/></class><sourcefile name="ColourDefinition.java"><line nr="34" mi="0" ci="4" mb="0" cb="0"/><line nr="51" mi="0" ci="2" mb="0" cb="0"/><line nr="52" mi="0" ci="4" mb="0" cb="0"/><line nr="53" mi="0" ci="4" mb="0" cb="0"/><line nr="54" mi="0" ci="1" mb="0" cb="0"/><line nr="57" mi="0" ci="2" mb="0" cb="2"/><line nr="58" mi="0" ci="2" mb="0" cb="0"/><line nr="60" mi="0" ci="5" mb="0" cb="2"/><line nr="61" mi="0" ci="5" mb="0" cb="0"/><line nr="63" mi="0" ci="4" mb="0" cb="2"/><line nr="64" mi="0" ci="3" mb="0" cb="0"/><line nr="66" mi="0" ci="2" mb="0" cb="0"/><counter type="INSTRUCTION" missed="0" covered="38"/><counter type="BRANCH" missed="0" covered="6"/><counter type="LINE" missed="0" covered="12"/><counter type="COMPLEXITY" missed="0" covered="6"/><counter type="METHOD" missed="0" covered="3"/><counter type="CLASS" missed="0" covered="1"/></sourcefile><sourcefile name="FontDefinition.java"><line nr="45" mi="0" ci="2" mb="0" cb="0"/><line nr="46" mi="0" ci="5" mb="0" cb="4"/><line nr="47" mi="0" ci="5" mb="0" cb="0"/><line nr="49" mi="0" ci="3" mb="0" cb="2"/><line nr="50" mi="0" ci="5" mb="0" cb="0"/><line nr="53" mi="0" ci="3" mb="0" cb="0"/><line nr="54" mi="0" ci="3" mb="0" cb="0"/><line nr="55" mi="0" ci="1" mb="0" cb="0"/><counter type="INSTRUCTION" missed="0" covered="27"/><counter type="BRANCH" missed="0" covered="6"/><counter type="LINE" missed="0" covered="8"/><counter type="COMPLEXITY" missed="0" covered="4"/><counter type="METHOD" missed="0" covered="1"/><counter type="CLASS" missed="0" covered="1"/></sourcefile><sourcefile name="TableDefinition.java"><line nr="124" mi="0" ci="2" mb="0" cb="0"/><line nr="125" mi="0" ci="3" mb="0" cb="0"/><line nr="126" mi="0" ci="3" mb="0" cb="0"/><line nr="127" mi="0" ci="3" mb="0" cb="0"/><line nr="128" mi="0" ci="3" mb="0" cb="0"/><line nr="129" mi="0" ci="3" mb="0" cb="0"/><line nr="130" mi="0" ci="3" mb="0" cb="0"/><line nr="131" mi="0" ci="3" mb="0" cb="0"/><line nr="132" mi="0" ci="3" mb="0" cb="0"/><line nr="133" mi="0" ci="3" mb="0" cb="0"/><line nr="134" mi="0" ci="3" mb="0" cb="0"/><line nr="135" mi="0" ci="7" mb="0" cb="2"/><line nr="136" mi="0" ci="1" mb="0" cb="0"/><counter type="INSTRUCTION" missed="0" covered="40"/><counter type="BRANCH" missed="0" covered="2"/><counter type="LINE" missed="0" covered="13"/><counter type="COMPLEXITY" missed="0" covered="2"/><counter type="METHOD" missed="0" covered="1"/><counter type="CLASS" missed="0" covered="1"/></sourcefile><sourcefile name="XlsxWriter.java"><line nr="58" mi="0" ci="5" mb="0" cb="0"/><line nr="63" mi="0" ci="4" mb="0" cb="0"/><line nr="75" mi="0" ci="3" mb="0" cb="0"/><line nr="80" mi="0" ci="3" mb="0" cb="0"/><line nr="81" mi="0" ci="3" mb="0" cb="0"/><line nr="84" mi="0" ci="3" mb="0" cb="0"/><line nr="86" mi="0" ci="3" mb="0" cb="0"/><line nr="89" mi="0" ci="3" mb="0" cb="0"/><line nr="90" mi="0" ci="3" mb="0" cb="0"/><line nr="92" mi="0" ci="5" mb="0" cb="0"/><line nr="94" mi="0" ci="3" mb="0" cb="0"/><line nr="97" mi="0" ci="5" mb="0" cb="4"/><line nr="98" mi="0" ci="2" mb="0" cb="0"/><line nr="100" mi="0" ci="2" mb="0" cb="0"/><line nr="108" mi="0" ci="2" mb="0" cb="0"/><line nr="109" mi="0" ci="3" mb="0" cb="0"/><line nr="110" mi="0" ci="5" mb="0" cb="0"/><line nr="112" mi="0" ci="8" mb="0" cb="0"/><line nr="113" mi="0" ci="12" mb="0" cb="0"/><line nr="114" mi="0" ci="8" mb="0" cb="0"/><line nr="115" mi="0" ci="5" mb="0" cb="0"/><line nr="116" mi="0" ci="5" mb="0" cb="0"/><line nr="117" mi="0" ci="1" mb="0" cb="0"/><line nr="130" mi="0" ci="6" mb="0" cb="0"/><line nr="133" mi="0" ci="5" mb="0" cb="0"/><line nr="134" mi="0" ci="4" mb="0" cb="0"/><line nr="135" mi="0" ci="3" mb="0" cb="0"/><line nr="136" mi="0" ci="7" mb="0" cb="0"/><line nr="137" mi="0" ci="3" mb="0" cb="0"/><line nr="139" mi="0" ci="5" mb="0" cb="0"/><line nr="140" mi="0" ci="4" mb="0" cb="0"/><line nr="141" mi="0" ci="4" mb="0" cb="0"/><line nr="142" mi="0" ci="7" mb="0" cb="0"/><line nr="143" mi="0" ci="3" mb="0" cb="0"/><line nr="145" mi="0" ci="5" mb="0" cb="0"/><line nr="146" mi="0" ci="4" mb="0" cb="0"/><line nr="147" mi="0" ci="4" mb="0" cb="0"/><line nr="148" mi="0" ci="7" mb="0" cb="0"/><line nr="149" mi="0" ci="3" mb="0" cb="0"/><line nr="151" mi="0" ci="5" mb="0" cb="0"/><line nr="152" mi="0" ci="4" mb="0" cb="0"/><line nr="153" mi="0" ci="3" mb="0" cb="0"/><line nr="154" mi="0" ci="7" mb="0" cb="0"/><line nr="155" mi="0" ci="3" mb="0" cb="0"/><line nr="157" mi="0" ci="5" mb="0" cb="0"/><line nr="158" mi="0" ci="4" mb="0" cb="0"/><line nr="159" mi="0" ci="4" mb="0" cb="0"/><line nr="160" mi="0" ci="7" mb="0" cb="0"/><line nr="161" mi="0" ci="3" mb="0" cb="0"/><line nr="163" mi="0" ci="5" mb="0" cb="0"/><line nr="164" mi="0" ci="4" mb="0" cb="0"/><line nr="165" mi="0" ci="3" mb="0" cb="0"/><line nr="166" mi="0" ci="7" mb="0" cb="0"/><line nr="167" mi="0" ci="3" mb="0" cb="0"/><line nr="169" mi="0" ci="5" mb="0" cb="0"/><line nr="170" mi="0" ci="4" mb="0" cb="0"/><line nr="171" mi="0" ci="3" mb="0" cb="0"/><line nr="172" mi="0" ci="7" mb="0" cb="0"/><line nr="173" mi="0" ci="3" mb="0" cb="0"/><line nr="175" mi="0" ci="5" mb="0" cb="0"/><line nr="176" mi="0" ci="4" mb="0" cb="0"/><line nr="177" mi="0" ci="4" mb="0" cb="0"/><line nr="178" mi="0" ci="7" mb="0" cb="0"/><line nr="179" mi="0" ci="3" mb="0" cb="0"/><line nr="181" mi="0" ci="5" mb="0" cb="0"/><line nr="182" mi="0" ci="4" mb="0" cb="0"/><line nr="183" mi="0" ci="4" mb="0" cb="0"/><line nr="184" mi="0" ci="7" mb="0" cb="0"/><line nr="185" mi="0" ci="3" mb="0" cb="0"/><line nr="188" mi="0" ci="5" mb="0" cb="0"/><line nr="189" mi="0" ci="4" mb="0" cb="0"/><line nr="190" mi="0" ci="4" mb="0" cb="0"/><line nr="191" mi="0" ci="7" mb="0" cb="0"/><line nr="193" mi="0" ci="3" mb="0" cb="2"/><line nr="194" mi="0" ci="2" mb="0" cb="0"/><line nr="197" mi="0" ci="4" mb="0" cb="0"/><line nr="198" mi="0" ci="7" mb="0" cb="0"/><line nr="200" mi="0" ci="4" mb="0" cb="2"/><line nr="201" mi="0" ci="2" mb="0" cb="0"/><line nr="203" mi="0" ci="1" mb="0" cb="0"/><line nr="206" mi="0" ci="12" mb="0" cb="2"/><line nr="207" mi="0" ci="3" mb="0" cb="2"/><line nr="208" mi="0" ci="2" mb="0" cb="0"/><line nr="210" mi="0" ci="1" mb="0" cb="0"/><line nr="211" mi="0" ci="2" mb="0" cb="0"/><line nr="215" mi="0" ci="4" mb="0" cb="0"/><line nr="216" mi="0" ci="4" mb="0" cb="0"/><line nr="217" mi="0" ci="2" mb="0" cb="0"/><line nr="218" mi="0" ci="12" mb="0" cb="2"/><line nr="219" mi="0" ci="1" mb="0" cb="0"/><line nr="220" mi="0" ci="3" mb="0" cb="0"/><line nr="221" mi="0" ci="2" mb="0" cb="2"/><line nr="222" mi="0" ci="3" mb="0" cb="0"/><line nr="224" mi="0" ci="2" mb="0" cb="0"/><line nr="225" mi="0" ci="20" mb="0" cb="0"/><line nr="226" mi="0" ci="1" mb="0" cb="0"/><line nr="227" mi="0" ci="4" mb="0" cb="0"/><line nr="229" mi="0" ci="5" mb="0" cb="0"/><line nr="230" mi="0" ci="7" mb="0" cb="0"/><line nr="231" mi="0" ci="1" mb="0" cb="0"/><line nr="234" mi="0" ci="4" mb="0" cb="0"/><line nr="235" mi="0" ci="14" mb="0" cb="0"/><line nr="237" mi="0" ci="2" mb="0" cb="0"/><line nr="238" mi="0" ci="12" mb="0" cb="2"/><line nr="239" mi="0" ci="1" mb="0" cb="0"/><line nr="240" mi="0" ci="7" mb="0" cb="0"/><line nr="241" mi="0" ci="18" mb="0" cb="0"/><line nr="242" mi="0" ci="10" mb="0" cb="0"/><line nr="243" mi="0" ci="1" mb="0" cb="0"/><line nr="244" mi="0" ci="4" mb="0" cb="0"/><line nr="246" mi="0" ci="5" mb="0" cb="0"/><line nr="247" mi="0" ci="7" mb="0" cb="0"/><line nr="248" mi="0" ci="1" mb="0" cb="0"/><line nr="251" mi="0" ci="4" mb="0" cb="0"/><line nr="252" mi="0" ci="3" mb="0" cb="2"/><line nr="253" mi="0" ci="9" mb="0" cb="0"/><line nr="254" mi="0" ci="5" mb="0" cb="0"/><line nr="256" mi="0" ci="4" mb="0" cb="0"/><line nr="260" mi="0" ci="5" mb="0" cb="0"/><line nr="261" mi="0" ci="3" mb="0" cb="0"/><line nr="262" mi="0" ci="2" mb="0" cb="0"/><line nr="266" mi="0" ci="2" mb="0" cb="0"/><line nr="267" mi="0" ci="2" mb="0" cb="0"/><line nr="268" mi="0" ci="8" mb="1" cb="3"/><line nr="270" mi="0" ci="10" mb="0" cb="0"/><line nr="271" mi="0" ci="2" mb="0" cb="0"/><line nr="273" mi="0" ci="4" mb="0" cb="2"/><line nr="274" mi="0" ci="10" mb="0" cb="0"/><line nr="275" mi="0" ci="2" mb="0" cb="0"/><line nr="277" mi="0" ci="2" mb="0" cb="2"/><line nr="278" mi="0" ci="4" mb="0" cb="0"/><line nr="280" mi="0" ci="3" mb="0" cb="0"/><line nr="306" mi="0" ci="4" mb="0" cb="0"/><line nr="307" mi="0" ci="14" mb="0" cb="0"/><line nr="309" mi="0" ci="2" mb="0" cb="0"/><line nr="310" mi="0" ci="5" mb="0" cb="0"/><line nr="311" mi="0" ci="9" mb="0" cb="2"/><line nr="312" mi="0" ci="1" mb="0" cb="0"/><line nr="313" mi="0" ci="18" mb="0" cb="2"/><line nr="314" mi="0" ci="18" mb="0" cb="0"/><line nr="316" mi="0" ci="2" mb="0" cb="2"/><line nr="317" mi="0" ci="5" mb="0" cb="0"/><line nr="318" mi="0" ci="3" mb="0" cb="2"/><line nr="319" mi="0" ci="3" mb="0" cb="0"/><line nr="320" mi="0" ci="4" mb="0" cb="2"/><line nr="321" mi="0" ci="9" mb="0" cb="0"/><line nr="323" mi="0" ci="6" mb="0" cb="0"/><line nr="325" mi="0" ci="4" mb="0" cb="2"/><line nr="326" mi="0" ci="11" mb="0" cb="0"/><line nr="327" mi="0" ci="3" mb="0" cb="2"/><line nr="328" mi="0" ci="15" mb="0" cb="2"/><line nr="329" mi="0" ci="3" mb="0" cb="2"/><line nr="330" mi="0" ci="10" mb="0" cb="0"/><line nr="332" mi="0" ci="7" mb="0" cb="0"/><line nr="334" mi="0" ci="1" mb="0" cb="0"/><line nr="335" mi="0" ci="4" mb="0" cb="0"/><line nr="337" mi="0" ci="5" mb="0" cb="0"/><line nr="338" mi="0" ci="7" mb="0" cb="0"/><line nr="339" mi="0" ci="1" mb="0" cb="0"/><line nr="343" mi="0" ci="4" mb="0" cb="0"/><line nr="344" mi="0" ci="7" mb="0" cb="0"/><line nr="345" mi="0" ci="3" mb="0" cb="0"/><line nr="347" mi="0" ci="3" mb="0" cb="0"/><line nr="348" mi="0" ci="1" mb="0" cb="0"/><line nr="351" mi="0" ci="4" mb="0" cb="0"/><line nr="352" mi="0" ci="4" mb="0" cb="0"/><line nr="353" mi="0" ci="2" mb="0" cb="0"/><line nr="355" mi="0" ci="2" mb="0" cb="0"/><line nr="357" mi="0" ci="2" mb="0" cb="0"/><line nr="358" mi="0" ci="2" mb="0" cb="0"/><line nr="359" mi="0" ci="2" mb="0" cb="0"/><line nr="360" mi="0" ci="2" mb="0" cb="0"/><line nr="361" mi="0" ci="2" mb="0" cb="0"/><line nr="362" mi="0" ci="2" mb="0" cb="0"/><line nr="363" mi="0" ci="2" mb="0" cb="0"/><line nr="364" mi="0" ci="2" mb="0" cb="0"/><line nr="365" mi="0" ci="2" mb="0" cb="0"/><line nr="366" mi="0" ci="2" mb="0" cb="0"/><line nr="367" mi="0" ci="2" mb="0" cb="0"/><line nr="368" mi="0" ci="2" mb="0" cb="0"/><line nr="369" mi="0" ci="2" mb="0" cb="0"/><line nr="370" mi="0" ci="2" mb="0" cb="0"/><line nr="372" mi="0" ci="2" mb="0" cb="0"/><line nr="373" mi="0" ci="2" mb="0" cb="0"/><line nr="374" mi="0" ci="2" mb="0" cb="0"/><line nr="375" mi="0" ci="2" mb="0" cb="0"/><line nr="376" mi="0" ci="2" mb="0" cb="0"/><line nr="377" mi="0" ci="2" mb="0" cb="0"/><line nr="378" mi="0" ci="2" mb="0" cb="0"/><line nr="379" mi="0" ci="2" mb="0" cb="0"/><line nr="380" mi="0" ci="2" mb="0" cb="0"/><line nr="381" mi="0" ci="2" mb="0" cb="0"/><line nr="382" mi="0" ci="2" mb="0" cb="0"/><line nr="383" mi="0" ci="2" mb="0" cb="0"/><line nr="384" mi="0" ci="2" mb="0" cb="0"/><line nr="385" mi="0" ci="2" mb="0" cb="0"/><line nr="386" mi="0" ci="2" mb="0" cb="0"/><line nr="387" mi="0" ci="2" mb="0" cb="0"/><line nr="388" mi="0" ci="2" mb="0" cb="0"/><line nr="389" mi="0" ci="2" mb="0" cb="0"/><line nr="390" mi="0" ci="2" mb="0" cb="0"/><line nr="391" mi="0" ci="2" mb="0" cb="0"/><line nr="392" mi="0" ci="2" mb="0" cb="0"/><line nr="393" mi="0" ci="2" mb="0" cb="0"/><line nr="394" mi="0" ci="2" mb="0" cb="0"/><line nr="395" mi="0" ci="2" mb="0" cb="0"/><line nr="396" mi="0" ci="2" mb="0" cb="0"/><line nr="397" mi="0" ci="2" mb="0" cb="0"/><line nr="398" mi="0" ci="2" mb="0" cb="0"/><line nr="399" mi="0" ci="2" mb="0" cb="0"/><line nr="400" mi="0" ci="2" mb="0" cb="0"/><line nr="401" mi="0" ci="2" mb="0" cb="0"/><line nr="402" mi="0" ci="2" mb="0" cb="0"/><line nr="403" mi="0" ci="2" mb="0" cb="0"/><line nr="404" mi="0" ci="2" mb="0" cb="0"/><line nr="405" mi="0" ci="2" mb="0" cb="0"/><line nr="406" mi="0" ci="2" mb="0" cb="0"/><line nr="407" mi="0" ci="2" mb="0" cb="0"/><line nr="408" mi="0" ci="2" mb="0" cb="0"/><line nr="409" mi="0" ci="2" mb="0" cb="0"/><line nr="410" mi="0" ci="2" mb="0" cb="0"/><line nr="411" mi="0" ci="2" mb="0" cb="0"/><line nr="412" mi="0" ci="2" mb="0" cb="0"/><line nr="413" mi="0" ci="2" mb="0" cb="0"/><line nr="414" mi="0" ci="2" mb="0" cb="0"/><line nr="415" mi="0" ci="2" mb="0" cb="0"/><line nr="416" mi="0" ci="2" mb="0" cb="0"/><line nr="417" mi="0" ci="2" mb="0" cb="0"/><line nr="418" mi="0" ci="2" mb="0" cb="0"/><line nr="419" mi="0" ci="2" mb="0" cb="0"/><line nr="420" mi="0" ci="2" mb="0" cb="0"/><line nr="421" mi="0" ci="2" mb="0" cb="0"/><line nr="422" mi="0" ci="2" mb="0" cb="0"/><line nr="423" mi="0" ci="2" mb="0" cb="0"/><line nr="424" mi="0" ci="2" mb="0" cb="0"/><line nr="425" mi="0" ci="2" mb="0" cb="0"/><line nr="426" mi="0" ci="2" mb="0" cb="0"/><line nr="427" mi="0" ci="2" mb="0" cb="0"/><line nr="429" mi="0" ci="2" mb="0" cb="0"/><line nr="430" mi="0" ci="2" mb="0" cb="0"/><line nr="431" mi="0" ci="2" mb="0" cb="0"/><line nr="432" mi="0" ci="2" mb="0" cb="0"/><line nr="433" mi="0" ci="2" mb="0" cb="0"/><line nr="434" mi="0" ci="2" mb="0" cb="0"/><line nr="435" mi="0" ci="2" mb="0" cb="0"/><line nr="436" mi="0" ci="2" mb="0" cb="0"/><line nr="437" mi="0" ci="2" mb="0" cb="0"/><line nr="438" mi="0" ci="2" mb="0" cb="0"/><line nr="439" mi="0" ci="2" mb="0" cb="0"/><line nr="440" mi="0" ci="2" mb="0" cb="0"/><line nr="441" mi="0" ci="2" mb="0" cb="0"/><line nr="442" mi="0" ci="2" mb="0" cb="0"/><line nr="443" mi="0" ci="2" mb="0" cb="0"/><line nr="444" mi="0" ci="2" mb="0" cb="0"/><line nr="445" mi="0" ci="2" mb="0" cb="0"/><line nr="446" mi="0" ci="2" mb="0" cb="0"/><line nr="447" mi="0" ci="2" mb="0" cb="0"/><line nr="448" mi="0" ci="2" mb="0" cb="0"/><line nr="449" mi="0" ci="2" mb="0" cb="0"/><line nr="450" mi="0" ci="2" mb="0" cb="0"/><line nr="452" mi="0" ci="2" mb="0" cb="0"/><line nr="454" mi="0" ci="2" mb="0" cb="0"/><line nr="455" mi="0" ci="2" mb="0" cb="0"/><line nr="456" mi="0" ci="2" mb="0" cb="0"/><line nr="458" mi="0" ci="2" mb="0" cb="0"/><line nr="459" mi="0" ci="3" mb="0" cb="0"/><line nr="463" mi="0" ci="4" mb="0" cb="0"/><line nr="464" mi="0" ci="9" mb="0" cb="2"/><line nr="465" mi="0" ci="4" mb="0" cb="0"/><line nr="466" mi="0" ci="5" mb="0" cb="4"/><line nr="467" mi="0" ci="9" mb="0" cb="0"/><line nr="469" mi="0" ci="4" mb="0" cb="0"/><line nr="470" mi="0" ci="12" mb="0" cb="4"/><line nr="471" mi="0" ci="4" mb="0" cb="0"/><line nr="472" mi="0" ci="1" mb="0" cb="0"/><line nr="475" mi="0" ci="5" mb="0" cb="4"/><line nr="476" mi="0" ci="10" mb="0" cb="0"/><line nr="478" mi="0" ci="4" mb="0" cb="0"/><line nr="480" mi="0" ci="1" mb="0" cb="0"/><line nr="483" mi="0" ci="8" mb="0" cb="0"/><line nr="487" mi="0" ci="4" mb="0" cb="0"/><line nr="488" mi="0" ci="4" mb="0" cb="0"/><line nr="489" mi="0" ci="5" mb="0" cb="0"/><line nr="491" mi="0" ci="4" mb="0" cb="0"/><line nr="492" mi="0" ci="6" mb="0" cb="0"/><line nr="493" mi="0" ci="7" mb="0" cb="0"/><line nr="494" mi="0" ci="7" mb="0" cb="0"/><line nr="495" mi="0" ci="7" mb="0" cb="0"/><line nr="496" mi="0" ci="4" mb="0" cb="0"/><line nr="498" mi="0" ci="4" mb="0" cb="0"/><line nr="499" mi="0" ci="4" mb="0" cb="0"/><line nr="500" mi="0" ci="4" mb="0" cb="0"/><line nr="501" mi="0" ci="5" mb="0" cb="0"/><line nr="502" mi="0" ci="5" mb="0" cb="0"/><line nr="503" mi="0" ci="5" mb="0" cb="0"/><line nr="504" mi="0" ci="4" mb="0" cb="0"/><line nr="506" mi="0" ci="4" mb="0" cb="0"/><line nr="507" mi="0" ci="4" mb="0" cb="0"/><line nr="508" mi="0" ci="4" mb="0" cb="0"/><line nr="509" mi="0" ci="4" mb="0" cb="0"/><line nr="511" mi="0" ci="4" mb="0" cb="0"/><line nr="512" mi="0" ci="4" mb="0" cb="0"/><line nr="513" mi="0" ci="4" mb="0" cb="0"/><line nr="515" mi="0" ci="4" mb="0" cb="0"/><line nr="518" mi="0" ci="4" mb="0" cb="0"/><line nr="520" mi="0" ci="7" mb="0" cb="2"/><line nr="522" mi="0" ci="11" mb="0" cb="2"/><line nr="523" mi="0" ci="13" mb="0" cb="2"/><line nr="524" mi="0" ci="8" mb="0" cb="0"/><line nr="525" mi="0" ci="1" mb="0" cb="0"/><line nr="528" mi="0" ci="8" mb="0" cb="0"/><line nr="529" mi="0" ci="11" mb="0" cb="2"/><line nr="530" mi="0" ci="13" mb="0" cb="2"/><line nr="531" mi="0" ci="12" mb="0" cb="0"/><line nr="532" mi="0" ci="1" mb="0" cb="0"/><line nr="535" mi="0" ci="8" mb="0" cb="0"/><line nr="536" mi="0" ci="11" mb="0" cb="2"/><line nr="537" mi="0" ci="13" mb="0" cb="2"/><line nr="538" mi="0" ci="12" mb="0" cb="0"/><line nr="539" mi="0" ci="1" mb="0" cb="0"/><line nr="542" mi="0" ci="8" mb="0" cb="0"/><line nr="543" mi="0" ci="11" mb="0" cb="2"/><line nr="544" mi="0" ci="13" mb="0" cb="2"/><line nr="545" mi="0" ci="12" mb="0" cb="0"/><line nr="546" mi="0" ci="1" mb="0" cb="0"/><line nr="548" mi="0" ci="4" mb="0" cb="0"/><line nr="550" mi="0" ci="4" mb="0" cb="0"/><line nr="551" mi="0" ci="4" mb="0" cb="0"/><line nr="552" mi="0" ci="4" mb="0" cb="0"/><line nr="554" mi="0" ci="4" mb="0" cb="0"/><line nr="556" mi="0" ci="4" mb="0" cb="0"/><line nr="558" mi="0" ci="4" mb="0" cb="0"/><line nr="559" mi="0" ci="3" mb="0" cb="0"/><line nr="563" mi="0" ci="4" mb="0" cb="0"/><line nr="564" mi="0" ci="11" mb="0" cb="2"/><line nr="565" mi="0" ci="3" mb="0" cb="2"/><line nr="566" mi="0" ci="5" mb="0" cb="2"/><line nr="567" mi="0" ci="5" mb="0" cb="0"/><line nr="570" mi="0" ci="1" mb="0" cb="0"/><line nr="571" mi="0" ci="3" mb="0" cb="2"/><line nr="572" mi="0" ci="9" mb="0" cb="0"/><line nr="573" mi="0" ci="2" mb="0" cb="0"/><line nr="574" mi="0" ci="10" mb="0" cb="2"/><line nr="575" mi="0" ci="12" mb="0" cb="0"/><line nr="576" mi="0" ci="7" mb="0" cb="0"/><line nr="577" mi="0" ci="1" mb="0" cb="0"/><line nr="578" mi="0" ci="4" mb="0" cb="0"/><line nr="580" mi="0" ci="1" mb="0" cb="0"/><counter type="INSTRUCTION" missed="0" covered="1489"/><counter type="BRANCH" missed="1" covered="87"/><counter type="LINE" missed="0" covered="348"/><counter type="COMPLEXITY" missed="1" covered="61"/><counter type="METHOD" missed="0" covered="18"/><counter type="CLASS" missed="0" covered="1"/></sourcefile><sourcefile name="ColumnDefinition.java"><line nr="56" mi="0" ci="2" mb="0" cb="0"/><line nr="57" mi="0" ci="7" mb="0" cb="4"/><line nr="58" mi="0" ci="5" mb="0" cb="0"/><line nr="60" mi="0" ci="5" mb="0" cb="4"/><line nr="61" mi="0" ci="5" mb="0" cb="0"/><line nr="64" mi="0" ci="3" mb="0" cb="0"/><line nr="65" mi="0" ci="3" mb="0" cb="0"/><line nr="66" mi="0" ci="3" mb="0" cb="0"/><line nr="67" mi="0" ci="1" mb="0" cb="0"/><counter type="INSTRUCTION" missed="0" covered="34"/><counter type="BRANCH" missed="0" covered="8"/><counter type="LINE" missed="0" covered="9"/><counter type="COMPLEXITY" missed="0" covered="5"/><counter type="METHOD" missed="0" covered="1"/><counter type="CLASS" missed="0" covered="1"/></sourcefile><counter type="INSTRUCTION" missed="0" covered="1628"/><counter type="BRANCH" missed="1" covered="109"/><counter type="LINE" missed="0" covered="390"/><counter type="COMPLEXITY" missed="1" covered="78"/><counter type="METHOD" missed="0" covered="24"/><counter type="CLASS" missed="0" covered="5"/></package><counter type="INSTRUCTION" missed="0" covered="1628"/><counter type="BRANCH" missed="1" covered="109"/><counter type="LINE" missed="0" covered="390"/><counter type="COMPLEXITY" missed="1" covered="78"/><counter type="METHOD" missed="0" covered="24"/><counter type="CLASS" missed="0" covered="5"/></report>